{"/home/user78/Desktop/test-js-example/scripts/main.js": {"path":"/home/user78/Desktop/test-js-example/scripts/main.js","statementMap":{"0":{"start":{"line":3,"column":8},"end":{"line":12,"column":1}},"1":{"start":{"line":4,"column":2},"end":{"line":11,"column":18}},"2":{"start":{"line":13,"column":0},"end":{"line":442,"column":51}},"3":{"start":{"line":15,"column":4},"end":{"line":15,"column":29}},"4":{"start":{"line":20,"column":4},"end":{"line":22,"column":7}},"5":{"start":{"line":21,"column":6},"end":{"line":21,"column":25}},"6":{"start":{"line":25,"column":4},"end":{"line":45,"column":6}},"7":{"start":{"line":32,"column":16},"end":{"line":32,"column":49}},"8":{"start":{"line":33,"column":8},"end":{"line":43,"column":29}},"9":{"start":{"line":35,"column":12},"end":{"line":35,"column":70}},"10":{"start":{"line":36,"column":12},"end":{"line":36,"column":66}},"11":{"start":{"line":39,"column":12},"end":{"line":41,"column":33}},"12":{"start":{"line":48,"column":4},"end":{"line":50,"column":7}},"13":{"start":{"line":49,"column":6},"end":{"line":49,"column":50}},"14":{"start":{"line":53,"column":4},"end":{"line":55,"column":7}},"15":{"start":{"line":54,"column":6},"end":{"line":54,"column":23}},"16":{"start":{"line":58,"column":4},"end":{"line":66,"column":9}},"17":{"start":{"line":65,"column":8},"end":{"line":65,"column":24}},"18":{"start":{"line":69,"column":12},"end":{"line":69,"column":16}},"19":{"start":{"line":70,"column":4},"end":{"line":81,"column":11}},"20":{"start":{"line":72,"column":6},"end":{"line":80,"column":8}},"21":{"start":{"line":84,"column":4},"end":{"line":96,"column":6}},"22":{"start":{"line":90,"column":10},"end":{"line":90,"column":39}},"23":{"start":{"line":93,"column":10},"end":{"line":93,"column":66}},"24":{"start":{"line":99,"column":4},"end":{"line":101,"column":7}},"25":{"start":{"line":100,"column":6},"end":{"line":100,"column":38}},"26":{"start":{"line":104,"column":4},"end":{"line":106,"column":17}},"27":{"start":{"line":105,"column":6},"end":{"line":105,"column":36}},"28":{"start":{"line":109,"column":4},"end":{"line":119,"column":7}},"29":{"start":{"line":110,"column":14},"end":{"line":110,"column":29}},"30":{"start":{"line":111,"column":12},"end":{"line":111,"column":26}},"31":{"start":{"line":112,"column":6},"end":{"line":118,"column":8}},"32":{"start":{"line":114,"column":10},"end":{"line":115,"column":60}},"33":{"start":{"line":115,"column":12},"end":{"line":115,"column":60}},"34":{"start":{"line":122,"column":4},"end":{"line":122,"column":42}},"35":{"start":{"line":126,"column":4},"end":{"line":130,"column":11}},"36":{"start":{"line":127,"column":6},"end":{"line":130,"column":11}},"37":{"start":{"line":128,"column":8},"end":{"line":130,"column":11}},"38":{"start":{"line":129,"column":10},"end":{"line":129,"column":33}},"39":{"start":{"line":133,"column":4},"end":{"line":133,"column":45}},"40":{"start":{"line":136,"column":4},"end":{"line":136,"column":47}},"41":{"start":{"line":139,"column":4},"end":{"line":143,"column":7}},"42":{"start":{"line":140,"column":6},"end":{"line":142,"column":53}},"43":{"start":{"line":141,"column":8},"end":{"line":141,"column":33}},"44":{"start":{"line":141,"column":24},"end":{"line":141,"column":33}},"45":{"start":{"line":146,"column":4},"end":{"line":146,"column":31}},"46":{"start":{"line":149,"column":4},"end":{"line":149,"column":50}},"47":{"start":{"line":152,"column":4},"end":{"line":156,"column":7}},"48":{"start":{"line":153,"column":6},"end":{"line":155,"column":15}},"49":{"start":{"line":154,"column":8},"end":{"line":154,"column":27}},"50":{"start":{"line":159,"column":4},"end":{"line":161,"column":7}},"51":{"start":{"line":160,"column":6},"end":{"line":160,"column":57}},"52":{"start":{"line":160,"column":29},"end":{"line":160,"column":57}},"53":{"start":{"line":165,"column":6},"end":{"line":177,"column":11}},"54":{"start":{"line":167,"column":12},"end":{"line":167,"column":45}},"55":{"start":{"line":172,"column":12},"end":{"line":176,"column":14}},"56":{"start":{"line":178,"column":4},"end":{"line":178,"column":35}},"57":{"start":{"line":181,"column":4},"end":{"line":183,"column":7}},"58":{"start":{"line":182,"column":6},"end":{"line":182,"column":28}},"59":{"start":{"line":186,"column":4},"end":{"line":186,"column":31}},"60":{"start":{"line":189,"column":4},"end":{"line":199,"column":35}},"61":{"start":{"line":202,"column":12},"end":{"line":208,"column":12}},"62":{"start":{"line":203,"column":6},"end":{"line":207,"column":12}},"63":{"start":{"line":205,"column":12},"end":{"line":205,"column":57}},"64":{"start":{"line":209,"column":4},"end":{"line":209,"column":34}},"65":{"start":{"line":212,"column":4},"end":{"line":212,"column":57}},"66":{"start":{"line":215,"column":4},"end":{"line":219,"column":11}},"67":{"start":{"line":218,"column":10},"end":{"line":218,"column":26}},"68":{"start":{"line":222,"column":4},"end":{"line":222,"column":37}},"69":{"start":{"line":225,"column":4},"end":{"line":225,"column":60}},"70":{"start":{"line":228,"column":4},"end":{"line":228,"column":45}},"71":{"start":{"line":231,"column":4},"end":{"line":231,"column":48}},"72":{"start":{"line":234,"column":4},"end":{"line":236,"column":7}},"73":{"start":{"line":235,"column":6},"end":{"line":235,"column":31}},"74":{"start":{"line":239,"column":12},"end":{"line":239,"column":34}},"75":{"start":{"line":240,"column":10},"end":{"line":240,"column":14}},"76":{"start":{"line":241,"column":10},"end":{"line":241,"column":11}},"77":{"start":{"line":242,"column":4},"end":{"line":250,"column":6}},"78":{"start":{"line":245,"column":8},"end":{"line":248,"column":11}},"79":{"start":{"line":246,"column":10},"end":{"line":247,"column":49}},"80":{"start":{"line":254,"column":6},"end":{"line":259,"column":20}},"81":{"start":{"line":255,"column":8},"end":{"line":258,"column":11}},"82":{"start":{"line":261,"column":12},"end":{"line":261,"column":16}},"83":{"start":{"line":262,"column":10},"end":{"line":262,"column":11}},"84":{"start":{"line":263,"column":4},"end":{"line":275,"column":10}},"85":{"start":{"line":267,"column":16},"end":{"line":267,"column":25}},"86":{"start":{"line":268,"column":8},"end":{"line":274,"column":13}},"87":{"start":{"line":272,"column":12},"end":{"line":273,"column":71}},"88":{"start":{"line":277,"column":6},"end":{"line":277,"column":55}},"89":{"start":{"line":279,"column":4},"end":{"line":284,"column":7}},"90":{"start":{"line":280,"column":6},"end":{"line":283,"column":69}},"91":{"start":{"line":288,"column":4},"end":{"line":298,"column":6}},"92":{"start":{"line":292,"column":12},"end":{"line":293,"column":78}},"93":{"start":{"line":293,"column":14},"end":{"line":293,"column":78}},"94":{"start":{"line":301,"column":4},"end":{"line":307,"column":17}},"95":{"start":{"line":304,"column":10},"end":{"line":304,"column":52}},"96":{"start":{"line":310,"column":4},"end":{"line":312,"column":17}},"97":{"start":{"line":311,"column":6},"end":{"line":311,"column":26}},"98":{"start":{"line":315,"column":4},"end":{"line":317,"column":7}},"99":{"start":{"line":316,"column":6},"end":{"line":316,"column":38}},"100":{"start":{"line":320,"column":4},"end":{"line":322,"column":7}},"101":{"start":{"line":321,"column":6},"end":{"line":321,"column":50}},"102":{"start":{"line":325,"column":4},"end":{"line":327,"column":7}},"103":{"start":{"line":326,"column":6},"end":{"line":326,"column":28}},"104":{"start":{"line":330,"column":12},"end":{"line":330,"column":14}},"105":{"start":{"line":331,"column":4},"end":{"line":336,"column":6}},"106":{"start":{"line":333,"column":8},"end":{"line":333,"column":80}},"107":{"start":{"line":339,"column":4},"end":{"line":339,"column":69}},"108":{"start":{"line":342,"column":4},"end":{"line":345,"column":6}},"109":{"start":{"line":348,"column":12},"end":{"line":348,"column":16}},"110":{"start":{"line":349,"column":4},"end":{"line":363,"column":16}},"111":{"start":{"line":351,"column":8},"end":{"line":361,"column":59}},"112":{"start":{"line":358,"column":14},"end":{"line":358,"column":78}},"113":{"start":{"line":366,"column":4},"end":{"line":366,"column":47}},"114":{"start":{"line":369,"column":4},"end":{"line":369,"column":48}},"115":{"start":{"line":372,"column":4},"end":{"line":379,"column":11}},"116":{"start":{"line":382,"column":4},"end":{"line":384,"column":6}},"117":{"start":{"line":383,"column":6},"end":{"line":383,"column":72}},"118":{"start":{"line":387,"column":4},"end":{"line":391,"column":11}},"119":{"start":{"line":390,"column":10},"end":{"line":390,"column":28}},"120":{"start":{"line":394,"column":4},"end":{"line":398,"column":11}},"121":{"start":{"line":397,"column":10},"end":{"line":397,"column":32}},"122":{"start":{"line":401,"column":12},"end":{"line":401,"column":42}},"123":{"start":{"line":402,"column":4},"end":{"line":411,"column":7}},"124":{"start":{"line":404,"column":12},"end":{"line":404,"column":54}},"125":{"start":{"line":405,"column":6},"end":{"line":409,"column":7}},"126":{"start":{"line":406,"column":8},"end":{"line":406,"column":41}},"127":{"start":{"line":408,"column":8},"end":{"line":408,"column":80}},"128":{"start":{"line":410,"column":6},"end":{"line":410,"column":25}},"129":{"start":{"line":414,"column":4},"end":{"line":418,"column":6}},"130":{"start":{"line":416,"column":8},"end":{"line":416,"column":78}},"131":{"start":{"line":421,"column":4},"end":{"line":427,"column":28}},"132":{"start":{"line":430,"column":4},"end":{"line":438,"column":7}},"133":{"start":{"line":431,"column":6},"end":{"line":437,"column":9}},"134":{"start":{"line":432,"column":8},"end":{"line":436,"column":42}},"135":{"start":{"line":433,"column":10},"end":{"line":433,"column":64}},"136":{"start":{"line":433,"column":40},"end":{"line":433,"column":64}},"137":{"start":{"line":434,"column":10},"end":{"line":434,"column":22}},"138":{"start":{"line":448,"column":2},"end":{"line":450,"column":3}},"139":{"start":{"line":449,"column":4},"end":{"line":449,"column":17}},"140":{"start":{"line":452,"column":2},"end":{"line":460,"column":5}},"141":{"start":{"line":453,"column":23},"end":{"line":458,"column":5}},"142":{"start":{"line":459,"column":4},"end":{"line":459,"column":37}},"143":{"start":{"line":463,"column":16},"end":{"line":471,"column":62}},"144":{"start":{"line":464,"column":2},"end":{"line":471,"column":62}},"145":{"start":{"line":465,"column":19},"end":{"line":465,"column":29}},"146":{"start":{"line":467,"column":6},"end":{"line":467,"column":21}},"147":{"start":{"line":469,"column":6},"end":{"line":469,"column":18}},"148":{"start":{"line":471,"column":18},"end":{"line":471,"column":61}},"149":{"start":{"line":473,"column":20},"end":{"line":483,"column":1}},"150":{"start":{"line":475,"column":2},"end":{"line":481,"column":5}},"151":{"start":{"line":476,"column":6},"end":{"line":480,"column":7}},"152":{"start":{"line":477,"column":10},"end":{"line":477,"column":38}},"153":{"start":{"line":479,"column":10},"end":{"line":479,"column":35}},"154":{"start":{"line":485,"column":0},"end":{"line":485,"column":10}},"155":{"start":{"line":487,"column":0},"end":{"line":487,"column":39}},"156":{"start":{"line":490,"column":0},"end":{"line":496,"column":1}},"157":{"start":{"line":491,"column":2},"end":{"line":495,"column":4}}},"fnMap":{"0":{"name":"(anonymous_0)","decl":{"start":{"line":3,"column":8},"end":{"line":3,"column":9}},"loc":{"start":{"line":3,"column":24},"end":{"line":12,"column":1}},"line":3},"1":{"name":"(anonymous_1)","decl":{"start":{"line":19,"column":26},"end":{"line":19,"column":27}},"loc":{"start":{"line":19,"column":38},"end":{"line":23,"column":3}},"line":19},"2":{"name":"(anonymous_2)","decl":{"start":{"line":20,"column":35},"end":{"line":20,"column":36}},"loc":{"start":{"line":20,"column":51},"end":{"line":22,"column":5}},"line":20},"3":{"name":"(anonymous_3)","decl":{"start":{"line":24,"column":26},"end":{"line":24,"column":27}},"loc":{"start":{"line":24,"column":45},"end":{"line":46,"column":3}},"line":24},"4":{"name":"(anonymous_4)","decl":{"start":{"line":31,"column":16},"end":{"line":31,"column":17}},"loc":{"start":{"line":31,"column":32},"end":{"line":44,"column":7}},"line":31},"5":{"name":"(anonymous_5)","decl":{"start":{"line":34,"column":15},"end":{"line":34,"column":16}},"loc":{"start":{"line":34,"column":31},"end":{"line":37,"column":11}},"line":34},"6":{"name":"(anonymous_6)","decl":{"start":{"line":38,"column":16},"end":{"line":38,"column":17}},"loc":{"start":{"line":38,"column":29},"end":{"line":42,"column":11}},"line":38},"7":{"name":"(anonymous_7)","decl":{"start":{"line":47,"column":23},"end":{"line":47,"column":24}},"loc":{"start":{"line":47,"column":39},"end":{"line":51,"column":3}},"line":47},"8":{"name":"(anonymous_8)","decl":{"start":{"line":48,"column":31},"end":{"line":48,"column":32}},"loc":{"start":{"line":48,"column":47},"end":{"line":50,"column":5}},"line":48},"9":{"name":"(anonymous_9)","decl":{"start":{"line":52,"column":24},"end":{"line":52,"column":25}},"loc":{"start":{"line":52,"column":40},"end":{"line":56,"column":3}},"line":52},"10":{"name":"(anonymous_10)","decl":{"start":{"line":53,"column":31},"end":{"line":53,"column":32}},"loc":{"start":{"line":53,"column":47},"end":{"line":55,"column":5}},"line":53},"11":{"name":"(anonymous_11)","decl":{"start":{"line":57,"column":22},"end":{"line":57,"column":23}},"loc":{"start":{"line":57,"column":41},"end":{"line":67,"column":3}},"line":57},"12":{"name":"(anonymous_12)","decl":{"start":{"line":64,"column":14},"end":{"line":64,"column":15}},"loc":{"start":{"line":64,"column":27},"end":{"line":66,"column":7}},"line":64},"13":{"name":"(anonymous_13)","decl":{"start":{"line":68,"column":23},"end":{"line":68,"column":24}},"loc":{"start":{"line":68,"column":36},"end":{"line":82,"column":3}},"line":68},"14":{"name":"(anonymous_14)","decl":{"start":{"line":70,"column":29},"end":{"line":70,"column":30}},"loc":{"start":{"line":70,"column":48},"end":{"line":81,"column":5}},"line":70},"15":{"name":"(anonymous_15)","decl":{"start":{"line":83,"column":22},"end":{"line":83,"column":23}},"loc":{"start":{"line":83,"column":41},"end":{"line":97,"column":3}},"line":83},"16":{"name":"(anonymous_16)","decl":{"start":{"line":89,"column":8},"end":{"line":89,"column":9}},"loc":{"start":{"line":89,"column":24},"end":{"line":91,"column":9}},"line":89},"17":{"name":"(anonymous_17)","decl":{"start":{"line":92,"column":8},"end":{"line":92,"column":9}},"loc":{"start":{"line":92,"column":27},"end":{"line":94,"column":9}},"line":92},"18":{"name":"(anonymous_18)","decl":{"start":{"line":98,"column":24},"end":{"line":98,"column":25}},"loc":{"start":{"line":98,"column":40},"end":{"line":102,"column":3}},"line":98},"19":{"name":"(anonymous_19)","decl":{"start":{"line":99,"column":31},"end":{"line":99,"column":32}},"loc":{"start":{"line":99,"column":47},"end":{"line":101,"column":5}},"line":99},"20":{"name":"(anonymous_20)","decl":{"start":{"line":103,"column":26},"end":{"line":103,"column":27}},"loc":{"start":{"line":103,"column":39},"end":{"line":107,"column":3}},"line":103},"21":{"name":"(anonymous_21)","decl":{"start":{"line":104,"column":20},"end":{"line":104,"column":21}},"loc":{"start":{"line":104,"column":33},"end":{"line":106,"column":5}},"line":104},"22":{"name":"(anonymous_22)","decl":{"start":{"line":108,"column":23},"end":{"line":108,"column":24}},"loc":{"start":{"line":108,"column":35},"end":{"line":120,"column":3}},"line":108},"23":{"name":"(anonymous_23)","decl":{"start":{"line":109,"column":20},"end":{"line":109,"column":21}},"loc":{"start":{"line":109,"column":36},"end":{"line":119,"column":5}},"line":109},"24":{"name":"(anonymous_24)","decl":{"start":{"line":113,"column":28},"end":{"line":113,"column":29}},"loc":{"start":{"line":113,"column":44},"end":{"line":116,"column":9}},"line":113},"25":{"name":"(anonymous_25)","decl":{"start":{"line":121,"column":24},"end":{"line":121,"column":25}},"loc":{"start":{"line":121,"column":37},"end":{"line":123,"column":3}},"line":121},"26":{"name":"(anonymous_26)","decl":{"start":{"line":125,"column":31},"end":{"line":125,"column":32}},"loc":{"start":{"line":125,"column":47},"end":{"line":131,"column":3}},"line":125},"27":{"name":"(anonymous_27)","decl":{"start":{"line":128,"column":24},"end":{"line":128,"column":25}},"loc":{"start":{"line":128,"column":37},"end":{"line":130,"column":9}},"line":128},"28":{"name":"(anonymous_28)","decl":{"start":{"line":132,"column":31},"end":{"line":132,"column":32}},"loc":{"start":{"line":132,"column":47},"end":{"line":134,"column":3}},"line":132},"29":{"name":"(anonymous_29)","decl":{"start":{"line":135,"column":33},"end":{"line":135,"column":34}},"loc":{"start":{"line":135,"column":49},"end":{"line":137,"column":3}},"line":135},"30":{"name":"(anonymous_30)","decl":{"start":{"line":138,"column":25},"end":{"line":138,"column":26}},"loc":{"start":{"line":138,"column":38},"end":{"line":144,"column":3}},"line":138},"31":{"name":"(anonymous_31)","decl":{"start":{"line":139,"column":20},"end":{"line":139,"column":21}},"loc":{"start":{"line":139,"column":33},"end":{"line":143,"column":5}},"line":139},"32":{"name":"(anonymous_32)","decl":{"start":{"line":145,"column":22},"end":{"line":145,"column":23}},"loc":{"start":{"line":145,"column":38},"end":{"line":147,"column":3}},"line":145},"33":{"name":"(anonymous_33)","decl":{"start":{"line":148,"column":22},"end":{"line":148,"column":23}},"loc":{"start":{"line":148,"column":35},"end":{"line":150,"column":3}},"line":148},"34":{"name":"(anonymous_34)","decl":{"start":{"line":151,"column":25},"end":{"line":151,"column":26}},"loc":{"start":{"line":151,"column":41},"end":{"line":157,"column":3}},"line":151},"35":{"name":"(anonymous_35)","decl":{"start":{"line":152,"column":21},"end":{"line":152,"column":22}},"loc":{"start":{"line":152,"column":37},"end":{"line":156,"column":5}},"line":152},"36":{"name":"(anonymous_36)","decl":{"start":{"line":153,"column":33},"end":{"line":153,"column":34}},"loc":{"start":{"line":153,"column":46},"end":{"line":155,"column":7}},"line":153},"37":{"name":"(anonymous_37)","decl":{"start":{"line":158,"column":23},"end":{"line":158,"column":24}},"loc":{"start":{"line":158,"column":35},"end":{"line":162,"column":3}},"line":158},"38":{"name":"(anonymous_38)","decl":{"start":{"line":159,"column":21},"end":{"line":159,"column":22}},"loc":{"start":{"line":159,"column":34},"end":{"line":161,"column":5}},"line":159},"39":{"name":"(anonymous_39)","decl":{"start":{"line":163,"column":24},"end":{"line":163,"column":25}},"loc":{"start":{"line":163,"column":37},"end":{"line":179,"column":3}},"line":163},"40":{"name":"(anonymous_40)","decl":{"start":{"line":166,"column":10},"end":{"line":166,"column":11}},"loc":{"start":{"line":166,"column":23},"end":{"line":168,"column":11}},"line":166},"41":{"name":"(anonymous_41)","decl":{"start":{"line":171,"column":10},"end":{"line":171,"column":11}},"loc":{"start":{"line":171,"column":23},"end":{"line":177,"column":11}},"line":171},"42":{"name":"(anonymous_42)","decl":{"start":{"line":180,"column":22},"end":{"line":180,"column":23}},"loc":{"start":{"line":180,"column":35},"end":{"line":184,"column":3}},"line":180},"43":{"name":"(anonymous_43)","decl":{"start":{"line":181,"column":20},"end":{"line":181,"column":21}},"loc":{"start":{"line":181,"column":33},"end":{"line":183,"column":5}},"line":181},"44":{"name":"(anonymous_44)","decl":{"start":{"line":185,"column":23},"end":{"line":185,"column":24}},"loc":{"start":{"line":185,"column":35},"end":{"line":187,"column":3}},"line":185},"45":{"name":"(anonymous_45)","decl":{"start":{"line":188,"column":26},"end":{"line":188,"column":27}},"loc":{"start":{"line":188,"column":39},"end":{"line":200,"column":3}},"line":188},"46":{"name":"(anonymous_46)","decl":{"start":{"line":201,"column":24},"end":{"line":201,"column":25}},"loc":{"start":{"line":201,"column":36},"end":{"line":210,"column":3}},"line":201},"47":{"name":"(anonymous_47)","decl":{"start":{"line":202,"column":38},"end":{"line":202,"column":39}},"loc":{"start":{"line":202,"column":51},"end":{"line":208,"column":5}},"line":202},"48":{"name":"(anonymous_48)","decl":{"start":{"line":204,"column":10},"end":{"line":204,"column":11}},"loc":{"start":{"line":204,"column":23},"end":{"line":206,"column":11}},"line":204},"49":{"name":"(anonymous_49)","decl":{"start":{"line":211,"column":26},"end":{"line":211,"column":27}},"loc":{"start":{"line":211,"column":38},"end":{"line":213,"column":3}},"line":211},"50":{"name":"(anonymous_50)","decl":{"start":{"line":214,"column":22},"end":{"line":214,"column":23}},"loc":{"start":{"line":214,"column":35},"end":{"line":220,"column":3}},"line":214},"51":{"name":"(anonymous_51)","decl":{"start":{"line":217,"column":18},"end":{"line":217,"column":19}},"loc":{"start":{"line":217,"column":31},"end":{"line":219,"column":9}},"line":217},"52":{"name":"(anonymous_52)","decl":{"start":{"line":221,"column":20},"end":{"line":221,"column":21}},"loc":{"start":{"line":221,"column":33},"end":{"line":223,"column":3}},"line":221},"53":{"name":"(anonymous_53)","decl":{"start":{"line":224,"column":26},"end":{"line":224,"column":27}},"loc":{"start":{"line":224,"column":39},"end":{"line":226,"column":3}},"line":224},"54":{"name":"(anonymous_54)","decl":{"start":{"line":227,"column":22},"end":{"line":227,"column":23}},"loc":{"start":{"line":227,"column":34},"end":{"line":229,"column":3}},"line":227},"55":{"name":"(anonymous_55)","decl":{"start":{"line":230,"column":21},"end":{"line":230,"column":22}},"loc":{"start":{"line":230,"column":34},"end":{"line":232,"column":3}},"line":230},"56":{"name":"(anonymous_56)","decl":{"start":{"line":233,"column":21},"end":{"line":233,"column":22}},"loc":{"start":{"line":233,"column":34},"end":{"line":237,"column":3}},"line":233},"57":{"name":"(anonymous_57)","decl":{"start":{"line":234,"column":23},"end":{"line":234,"column":24}},"loc":{"start":{"line":234,"column":36},"end":{"line":236,"column":5}},"line":234},"58":{"name":"(anonymous_58)","decl":{"start":{"line":238,"column":21},"end":{"line":238,"column":22}},"loc":{"start":{"line":238,"column":40},"end":{"line":251,"column":3}},"line":238},"59":{"name":"(anonymous_59)","decl":{"start":{"line":244,"column":22},"end":{"line":244,"column":23}},"loc":{"start":{"line":244,"column":38},"end":{"line":249,"column":7}},"line":244},"60":{"name":"(anonymous_60)","decl":{"start":{"line":245,"column":36},"end":{"line":245,"column":37}},"loc":{"start":{"line":245,"column":49},"end":{"line":248,"column":9}},"line":245},"61":{"name":"(anonymous_61)","decl":{"start":{"line":252,"column":20},"end":{"line":252,"column":21}},"loc":{"start":{"line":252,"column":39},"end":{"line":285,"column":3}},"line":252},"62":{"name":"i","decl":{"start":{"line":253,"column":13},"end":{"line":253,"column":14}},"loc":{"start":{"line":253,"column":21},"end":{"line":260,"column":5}},"line":253},"63":{"name":"(anonymous_63)","decl":{"start":{"line":266,"column":11},"end":{"line":266,"column":12}},"loc":{"start":{"line":266,"column":24},"end":{"line":275,"column":7}},"line":266},"64":{"name":"(anonymous_64)","decl":{"start":{"line":270,"column":16},"end":{"line":270,"column":17}},"loc":{"start":{"line":270,"column":29},"end":{"line":274,"column":11}},"line":270},"65":{"name":"r","decl":{"start":{"line":276,"column":13},"end":{"line":276,"column":14}},"loc":{"start":{"line":276,"column":18},"end":{"line":278,"column":5}},"line":276},"66":{"name":"(anonymous_66)","decl":{"start":{"line":279,"column":27},"end":{"line":279,"column":28}},"loc":{"start":{"line":279,"column":43},"end":{"line":284,"column":5}},"line":279},"67":{"name":"(anonymous_67)","decl":{"start":{"line":286,"column":23},"end":{"line":286,"column":24}},"loc":{"start":{"line":286,"column":45},"end":{"line":299,"column":3}},"line":286},"68":{"name":"(anonymous_68)","decl":{"start":{"line":291,"column":20},"end":{"line":291,"column":21}},"loc":{"start":{"line":291,"column":36},"end":{"line":294,"column":11}},"line":291},"69":{"name":"(anonymous_69)","decl":{"start":{"line":300,"column":23},"end":{"line":300,"column":24}},"loc":{"start":{"line":300,"column":36},"end":{"line":308,"column":3}},"line":300},"70":{"name":"(anonymous_70)","decl":{"start":{"line":303,"column":8},"end":{"line":303,"column":9}},"loc":{"start":{"line":303,"column":21},"end":{"line":305,"column":9}},"line":303},"71":{"name":"(anonymous_71)","decl":{"start":{"line":309,"column":24},"end":{"line":309,"column":25}},"loc":{"start":{"line":309,"column":37},"end":{"line":313,"column":3}},"line":309},"72":{"name":"(anonymous_72)","decl":{"start":{"line":310,"column":20},"end":{"line":310,"column":21}},"loc":{"start":{"line":310,"column":33},"end":{"line":312,"column":5}},"line":310},"73":{"name":"(anonymous_73)","decl":{"start":{"line":314,"column":25},"end":{"line":314,"column":26}},"loc":{"start":{"line":314,"column":41},"end":{"line":318,"column":3}},"line":314},"74":{"name":"(anonymous_74)","decl":{"start":{"line":315,"column":31},"end":{"line":315,"column":32}},"loc":{"start":{"line":315,"column":47},"end":{"line":317,"column":5}},"line":315},"75":{"name":"(anonymous_75)","decl":{"start":{"line":319,"column":24},"end":{"line":319,"column":25}},"loc":{"start":{"line":319,"column":36},"end":{"line":323,"column":3}},"line":319},"76":{"name":"(anonymous_76)","decl":{"start":{"line":320,"column":21},"end":{"line":320,"column":22}},"loc":{"start":{"line":320,"column":34},"end":{"line":322,"column":5}},"line":320},"77":{"name":"(anonymous_77)","decl":{"start":{"line":324,"column":29},"end":{"line":324,"column":30}},"loc":{"start":{"line":324,"column":41},"end":{"line":328,"column":3}},"line":324},"78":{"name":"(anonymous_78)","decl":{"start":{"line":325,"column":35},"end":{"line":325,"column":36}},"loc":{"start":{"line":325,"column":51},"end":{"line":327,"column":5}},"line":325},"79":{"name":"(anonymous_79)","decl":{"start":{"line":329,"column":25},"end":{"line":329,"column":26}},"loc":{"start":{"line":329,"column":41},"end":{"line":337,"column":3}},"line":329},"80":{"name":"(anonymous_80)","decl":{"start":{"line":332,"column":26},"end":{"line":332,"column":27}},"loc":{"start":{"line":332,"column":42},"end":{"line":334,"column":7}},"line":332},"81":{"name":"(anonymous_81)","decl":{"start":{"line":338,"column":24},"end":{"line":338,"column":25}},"loc":{"start":{"line":338,"column":36},"end":{"line":340,"column":3}},"line":338},"82":{"name":"(anonymous_82)","decl":{"start":{"line":341,"column":24},"end":{"line":341,"column":25}},"loc":{"start":{"line":341,"column":40},"end":{"line":346,"column":3}},"line":341},"83":{"name":"(anonymous_83)","decl":{"start":{"line":347,"column":27},"end":{"line":347,"column":28}},"loc":{"start":{"line":347,"column":39},"end":{"line":364,"column":3}},"line":347},"84":{"name":"(anonymous_84)","decl":{"start":{"line":350,"column":14},"end":{"line":350,"column":15}},"loc":{"start":{"line":350,"column":30},"end":{"line":362,"column":7}},"line":350},"85":{"name":"(anonymous_85)","decl":{"start":{"line":357,"column":31},"end":{"line":357,"column":32}},"loc":{"start":{"line":357,"column":44},"end":{"line":359,"column":13}},"line":357},"86":{"name":"(anonymous_86)","decl":{"start":{"line":365,"column":26},"end":{"line":365,"column":27}},"loc":{"start":{"line":365,"column":39},"end":{"line":367,"column":3}},"line":365},"87":{"name":"(anonymous_87)","decl":{"start":{"line":368,"column":22},"end":{"line":368,"column":23}},"loc":{"start":{"line":368,"column":34},"end":{"line":370,"column":3}},"line":368},"88":{"name":"(anonymous_88)","decl":{"start":{"line":371,"column":23},"end":{"line":371,"column":24}},"loc":{"start":{"line":371,"column":36},"end":{"line":380,"column":3}},"line":371},"89":{"name":"(anonymous_89)","decl":{"start":{"line":381,"column":21},"end":{"line":381,"column":22}},"loc":{"start":{"line":381,"column":37},"end":{"line":385,"column":3}},"line":381},"90":{"name":"(anonymous_90)","decl":{"start":{"line":382,"column":11},"end":{"line":382,"column":12}},"loc":{"start":{"line":382,"column":24},"end":{"line":384,"column":5}},"line":382},"91":{"name":"(anonymous_91)","decl":{"start":{"line":386,"column":22},"end":{"line":386,"column":23}},"loc":{"start":{"line":386,"column":35},"end":{"line":392,"column":3}},"line":386},"92":{"name":"(anonymous_92)","decl":{"start":{"line":389,"column":18},"end":{"line":389,"column":19}},"loc":{"start":{"line":389,"column":31},"end":{"line":391,"column":9}},"line":389},"93":{"name":"(anonymous_93)","decl":{"start":{"line":393,"column":29},"end":{"line":393,"column":30}},"loc":{"start":{"line":393,"column":45},"end":{"line":399,"column":3}},"line":393},"94":{"name":"(anonymous_94)","decl":{"start":{"line":396,"column":24},"end":{"line":396,"column":25}},"loc":{"start":{"line":396,"column":40},"end":{"line":398,"column":9}},"line":396},"95":{"name":"(anonymous_95)","decl":{"start":{"line":400,"column":25},"end":{"line":400,"column":26}},"loc":{"start":{"line":400,"column":38},"end":{"line":412,"column":3}},"line":400},"96":{"name":"(anonymous_96)","decl":{"start":{"line":402,"column":27},"end":{"line":402,"column":28}},"loc":{"start":{"line":402,"column":43},"end":{"line":411,"column":5}},"line":402},"97":{"name":"(anonymous_97)","decl":{"start":{"line":413,"column":24},"end":{"line":413,"column":25}},"loc":{"start":{"line":413,"column":36},"end":{"line":419,"column":3}},"line":413},"98":{"name":"(anonymous_98)","decl":{"start":{"line":415,"column":24},"end":{"line":415,"column":25}},"loc":{"start":{"line":415,"column":40},"end":{"line":417,"column":7}},"line":415},"99":{"name":"(anonymous_99)","decl":{"start":{"line":420,"column":21},"end":{"line":420,"column":22}},"loc":{"start":{"line":420,"column":34},"end":{"line":428,"column":3}},"line":420},"100":{"name":"(anonymous_100)","decl":{"start":{"line":429,"column":22},"end":{"line":429,"column":23}},"loc":{"start":{"line":429,"column":35},"end":{"line":439,"column":3}},"line":429},"101":{"name":"(anonymous_101)","decl":{"start":{"line":430,"column":20},"end":{"line":430,"column":21}},"loc":{"start":{"line":430,"column":33},"end":{"line":438,"column":5}},"line":430},"102":{"name":"(anonymous_102)","decl":{"start":{"line":431,"column":23},"end":{"line":431,"column":24}},"loc":{"start":{"line":431,"column":36},"end":{"line":437,"column":7}},"line":431},"103":{"name":"(anonymous_103)","decl":{"start":{"line":432,"column":10},"end":{"line":432,"column":11}},"loc":{"start":{"line":432,"column":23},"end":{"line":435,"column":9}},"line":432},"104":{"name":"setItems","decl":{"start":{"line":447,"column":9},"end":{"line":447,"column":17}},"loc":{"start":{"line":447,"column":24},"end":{"line":461,"column":1}},"line":447},"105":{"name":"(anonymous_105)","decl":{"start":{"line":452,"column":15},"end":{"line":452,"column":16}},"loc":{"start":{"line":452,"column":25},"end":{"line":460,"column":3}},"line":452},"106":{"name":"(anonymous_106)","decl":{"start":{"line":463,"column":16},"end":{"line":463,"column":17}},"loc":{"start":{"line":464,"column":2},"end":{"line":471,"column":62}},"line":464},"107":{"name":"(anonymous_107)","decl":{"start":{"line":465,"column":10},"end":{"line":465,"column":11}},"loc":{"start":{"line":465,"column":19},"end":{"line":465,"column":29}},"line":465},"108":{"name":"(anonymous_108)","decl":{"start":{"line":466,"column":10},"end":{"line":466,"column":11}},"loc":{"start":{"line":466,"column":20},"end":{"line":470,"column":5}},"line":466},"109":{"name":"(anonymous_109)","decl":{"start":{"line":471,"column":11},"end":{"line":471,"column":12}},"loc":{"start":{"line":471,"column":18},"end":{"line":471,"column":61}},"line":471},"110":{"name":"(anonymous_110)","decl":{"start":{"line":473,"column":20},"end":{"line":473,"column":21}},"loc":{"start":{"line":473,"column":26},"end":{"line":483,"column":1}},"line":473},"111":{"name":"(anonymous_111)","decl":{"start":{"line":475,"column":30},"end":{"line":475,"column":31}},"loc":{"start":{"line":475,"column":49},"end":{"line":481,"column":3}},"line":475}},"branchMap":{"0":{"loc":{"start":{"line":4,"column":9},"end":{"line":11,"column":17}},"type":"cond-expr","locations":[{"start":{"line":5,"column":6},"end":{"line":10,"column":42}},{"start":{"line":11,"column":6},"end":{"line":11,"column":17}}],"line":4},"1":{"loc":{"start":{"line":5,"column":6},"end":{"line":10,"column":42}},"type":"cond-expr","locations":[{"start":{"line":6,"column":8},"end":{"line":6,"column":9}},{"start":{"line":7,"column":9},"end":{"line":10,"column":41}}],"line":5},"2":{"loc":{"start":{"line":7,"column":9},"end":{"line":9,"column":19}},"type":"binary-expr","locations":[{"start":{"line":7,"column":10},"end":{"line":7,"column":58}},{"start":{"line":8,"column":10},"end":{"line":8,"column":20}},{"start":{"line":9,"column":11},"end":{"line":9,"column":18}}],"line":7},"3":{"loc":{"start":{"line":7,"column":14},"end":{"line":7,"column":58}},"type":"cond-expr","locations":[{"start":{"line":7,"column":37},"end":{"line":7,"column":54}},{"start":{"line":7,"column":57},"end":{"line":7,"column":58}}],"line":7},"4":{"loc":{"start":{"line":26,"column":6},"end":{"line":30,"column":70}},"type":"binary-expr","locations":[{"start":{"line":26,"column":6},"end":{"line":26,"column":26}},{"start":{"line":27,"column":9},"end":{"line":30,"column":69}}],"line":26},"5":{"loc":{"start":{"line":28,"column":10},"end":{"line":30,"column":69}},"type":"cond-expr","locations":[{"start":{"line":29,"column":14},"end":{"line":29,"column":16}},{"start":{"line":30,"column":14},"end":{"line":30,"column":69}}],"line":28},"6":{"loc":{"start":{"line":33,"column":10},"end":{"line":33,"column":17}},"type":"binary-expr","locations":[{"start":{"line":33,"column":10},"end":{"line":33,"column":11}},{"start":{"line":33,"column":15},"end":{"line":33,"column":17}}],"line":33},"7":{"loc":{"start":{"line":35,"column":16},"end":{"line":35,"column":69}},"type":"cond-expr","locations":[{"start":{"line":35,"column":41},"end":{"line":35,"column":65}},{"start":{"line":35,"column":68},"end":{"line":35,"column":69}}],"line":35},"8":{"loc":{"start":{"line":36,"column":19},"end":{"line":36,"column":65}},"type":"cond-expr","locations":[{"start":{"line":36,"column":42},"end":{"line":36,"column":58}},{"start":{"line":36,"column":61},"end":{"line":36,"column":65}}],"line":36},"9":{"loc":{"start":{"line":39,"column":12},"end":{"line":41,"column":32}},"type":"cond-expr","locations":[{"start":{"line":40,"column":16},"end":{"line":40,"column":51}},{"start":{"line":41,"column":16},"end":{"line":41,"column":32}}],"line":39},"10":{"loc":{"start":{"line":59,"column":6},"end":{"line":61,"column":11}},"type":"cond-expr","locations":[{"start":{"line":60,"column":10},"end":{"line":60,"column":43}},{"start":{"line":61,"column":10},"end":{"line":61,"column":11}}],"line":59},"11":{"loc":{"start":{"line":59,"column":30},"end":{"line":59,"column":66}},"type":"cond-expr","locations":[{"start":{"line":59,"column":55},"end":{"line":59,"column":62}},{"start":{"line":59,"column":65},"end":{"line":59,"column":66}}],"line":59},"12":{"loc":{"start":{"line":73,"column":8},"end":{"line":78,"column":29}},"type":"cond-expr","locations":[{"start":{"line":74,"column":12},"end":{"line":77,"column":50}},{"start":{"line":78,"column":13},"end":{"line":78,"column":28}}],"line":73},"13":{"loc":{"start":{"line":74,"column":12},"end":{"line":77,"column":50}},"type":"binary-expr","locations":[{"start":{"line":74,"column":12},"end":{"line":77,"column":33}},{"start":{"line":77,"column":38},"end":{"line":77,"column":49}}],"line":74},"14":{"loc":{"start":{"line":75,"column":14},"end":{"line":77,"column":19}},"type":"cond-expr","locations":[{"start":{"line":76,"column":18},"end":{"line":76,"column":22}},{"start":{"line":77,"column":18},"end":{"line":77,"column":19}}],"line":75},"15":{"loc":{"start":{"line":75,"column":38},"end":{"line":75,"column":65}},"type":"binary-expr","locations":[{"start":{"line":75,"column":39},"end":{"line":75,"column":58}},{"start":{"line":75,"column":63},"end":{"line":75,"column":65}}],"line":75},"16":{"loc":{"start":{"line":79,"column":17},"end":{"line":79,"column":34}},"type":"cond-expr","locations":[{"start":{"line":79,"column":28},"end":{"line":79,"column":29}},{"start":{"line":79,"column":32},"end":{"line":79,"column":34}}],"line":79},"17":{"loc":{"start":{"line":85,"column":11},"end":{"line":85,"column":27}},"type":"cond-expr","locations":[{"start":{"line":85,"column":15},"end":{"line":85,"column":22}},{"start":{"line":85,"column":25},"end":{"line":85,"column":27}}],"line":85},"18":{"loc":{"start":{"line":93,"column":10},"end":{"line":93,"column":65}},"type":"cond-expr","locations":[{"start":{"line":93,"column":14},"end":{"line":93,"column":38}},{"start":{"line":93,"column":41},"end":{"line":93,"column":65}}],"line":93},"19":{"loc":{"start":{"line":115,"column":12},"end":{"line":115,"column":59}},"type":"binary-expr","locations":[{"start":{"line":115,"column":12},"end":{"line":115,"column":26}},{"start":{"line":115,"column":30},"end":{"line":115,"column":59}}],"line":115},"20":{"loc":{"start":{"line":126,"column":4},"end":{"line":130,"column":11}},"type":"if","locations":[{"start":{"line":126,"column":4},"end":{"line":130,"column":11}},{"start":{"line":126,"column":4},"end":{"line":130,"column":11}}],"line":126},"21":{"loc":{"start":{"line":133,"column":4},"end":{"line":133,"column":44}},"type":"binary-expr","locations":[{"start":{"line":133,"column":4},"end":{"line":133,"column":21}},{"start":{"line":133,"column":26},"end":{"line":133,"column":43}}],"line":133},"22":{"loc":{"start":{"line":136,"column":4},"end":{"line":136,"column":46}},"type":"binary-expr","locations":[{"start":{"line":136,"column":4},"end":{"line":136,"column":23}},{"start":{"line":136,"column":28},"end":{"line":136,"column":45}}],"line":136},"23":{"loc":{"start":{"line":142,"column":15},"end":{"line":142,"column":51}},"type":"binary-expr","locations":[{"start":{"line":142,"column":16},"end":{"line":142,"column":32}},{"start":{"line":142,"column":37},"end":{"line":142,"column":51}}],"line":142},"24":{"loc":{"start":{"line":141,"column":8},"end":{"line":141,"column":33}},"type":"if","locations":[{"start":{"line":141,"column":8},"end":{"line":141,"column":33}},{"start":{"line":141,"column":8},"end":{"line":141,"column":33}}],"line":141},"25":{"loc":{"start":{"line":165,"column":6},"end":{"line":177,"column":11}},"type":"cond-expr","locations":[{"start":{"line":166,"column":10},"end":{"line":168,"column":11}},{"start":{"line":169,"column":10},"end":{"line":177,"column":11}}],"line":165},"26":{"loc":{"start":{"line":169,"column":10},"end":{"line":177,"column":11}},"type":"cond-expr","locations":[{"start":{"line":170,"column":10},"end":{"line":170,"column":11}},{"start":{"line":171,"column":10},"end":{"line":177,"column":11}}],"line":169},"27":{"loc":{"start":{"line":174,"column":16},"end":{"line":174,"column":75}},"type":"binary-expr","locations":[{"start":{"line":174,"column":16},"end":{"line":174,"column":25}},{"start":{"line":174,"column":29},"end":{"line":174,"column":48}},{"start":{"line":174,"column":52},"end":{"line":174,"column":75}}],"line":174},"28":{"loc":{"start":{"line":175,"column":24},"end":{"line":175,"column":32}},"type":"binary-expr","locations":[{"start":{"line":175,"column":24},"end":{"line":175,"column":25}},{"start":{"line":175,"column":29},"end":{"line":175,"column":32}}],"line":175},"29":{"loc":{"start":{"line":182,"column":15},"end":{"line":182,"column":23}},"type":"binary-expr","locations":[{"start":{"line":182,"column":15},"end":{"line":182,"column":16}},{"start":{"line":182,"column":20},"end":{"line":182,"column":23}}],"line":182},"30":{"loc":{"start":{"line":186,"column":11},"end":{"line":186,"column":30}},"type":"binary-expr","locations":[{"start":{"line":186,"column":11},"end":{"line":186,"column":24}},{"start":{"line":186,"column":28},"end":{"line":186,"column":30}}],"line":186},"31":{"loc":{"start":{"line":189,"column":11},"end":{"line":199,"column":34}},"type":"cond-expr","locations":[{"start":{"line":190,"column":8},"end":{"line":190,"column":78}},{"start":{"line":191,"column":8},"end":{"line":199,"column":34}}],"line":189},"32":{"loc":{"start":{"line":191,"column":8},"end":{"line":199,"column":34}},"type":"cond-expr","locations":[{"start":{"line":192,"column":8},"end":{"line":196,"column":27}},{"start":{"line":197,"column":8},"end":{"line":199,"column":34}}],"line":191},"33":{"loc":{"start":{"line":197,"column":8},"end":{"line":199,"column":34}},"type":"cond-expr","locations":[{"start":{"line":198,"column":8},"end":{"line":198,"column":65}},{"start":{"line":199,"column":8},"end":{"line":199,"column":34}}],"line":197},"34":{"loc":{"start":{"line":203,"column":13},"end":{"line":207,"column":11}},"type":"cond-expr","locations":[{"start":{"line":204,"column":10},"end":{"line":206,"column":11}},{"start":{"line":207,"column":10},"end":{"line":207,"column":11}}],"line":203},"35":{"loc":{"start":{"line":215,"column":11},"end":{"line":219,"column":10}},"type":"cond-expr","locations":[{"start":{"line":216,"column":8},"end":{"line":216,"column":36}},{"start":{"line":217,"column":8},"end":{"line":219,"column":10}}],"line":215},"36":{"loc":{"start":{"line":216,"column":8},"end":{"line":216,"column":36}},"type":"binary-expr","locations":[{"start":{"line":216,"column":8},"end":{"line":216,"column":30}},{"start":{"line":216,"column":34},"end":{"line":216,"column":36}}],"line":216},"37":{"loc":{"start":{"line":225,"column":11},"end":{"line":225,"column":59}},"type":"binary-expr","locations":[{"start":{"line":225,"column":11},"end":{"line":225,"column":30}},{"start":{"line":225,"column":34},"end":{"line":225,"column":59}}],"line":225},"38":{"loc":{"start":{"line":228,"column":11},"end":{"line":228,"column":44}},"type":"binary-expr","locations":[{"start":{"line":228,"column":11},"end":{"line":228,"column":38}},{"start":{"line":228,"column":42},"end":{"line":228,"column":44}}],"line":228},"39":{"loc":{"start":{"line":231,"column":11},"end":{"line":231,"column":47}},"type":"cond-expr","locations":[{"start":{"line":231,"column":15},"end":{"line":231,"column":40}},{"start":{"line":231,"column":43},"end":{"line":231,"column":47}}],"line":231},"40":{"loc":{"start":{"line":235,"column":22},"end":{"line":235,"column":29}},"type":"binary-expr","locations":[{"start":{"line":235,"column":22},"end":{"line":235,"column":23}},{"start":{"line":235,"column":27},"end":{"line":235,"column":29}}],"line":235},"41":{"loc":{"start":{"line":239,"column":12},"end":{"line":239,"column":34}},"type":"binary-expr","locations":[{"start":{"line":239,"column":12},"end":{"line":239,"column":21}},{"start":{"line":239,"column":25},"end":{"line":239,"column":34}}],"line":239},"42":{"loc":{"start":{"line":243,"column":6},"end":{"line":243,"column":48}},"type":"binary-expr","locations":[{"start":{"line":243,"column":6},"end":{"line":243,"column":26}},{"start":{"line":243,"column":31},"end":{"line":243,"column":47}}],"line":243},"43":{"loc":{"start":{"line":245,"column":10},"end":{"line":245,"column":29}},"type":"cond-expr","locations":[{"start":{"line":245,"column":17},"end":{"line":245,"column":24}},{"start":{"line":245,"column":27},"end":{"line":245,"column":29}}],"line":245},"44":{"loc":{"start":{"line":246,"column":10},"end":{"line":247,"column":48}},"type":"binary-expr","locations":[{"start":{"line":246,"column":11},"end":{"line":246,"column":12}},{"start":{"line":246,"column":17},"end":{"line":246,"column":38}},{"start":{"line":246,"column":42},"end":{"line":246,"column":58}},{"start":{"line":247,"column":12},"end":{"line":247,"column":48}}],"line":246},"45":{"loc":{"start":{"line":263,"column":4},"end":{"line":275,"column":9}},"type":"binary-expr","locations":[{"start":{"line":263,"column":4},"end":{"line":263,"column":24}},{"start":{"line":264,"column":7},"end":{"line":275,"column":8}}],"line":263},"46":{"loc":{"start":{"line":272,"column":12},"end":{"line":273,"column":70}},"type":"binary-expr","locations":[{"start":{"line":272,"column":12},"end":{"line":272,"column":32}},{"start":{"line":273,"column":15},"end":{"line":273,"column":69}}],"line":272},"47":{"loc":{"start":{"line":277,"column":38},"end":{"line":277,"column":52}},"type":"binary-expr","locations":[{"start":{"line":277,"column":38},"end":{"line":277,"column":46}},{"start":{"line":277,"column":50},"end":{"line":277,"column":52}}],"line":277},"48":{"loc":{"start":{"line":281,"column":16},"end":{"line":281,"column":26}},"type":"binary-expr","locations":[{"start":{"line":281,"column":16},"end":{"line":281,"column":20}},{"start":{"line":281,"column":24},"end":{"line":281,"column":26}}],"line":281},"49":{"loc":{"start":{"line":282,"column":19},"end":{"line":282,"column":32}},"type":"binary-expr","locations":[{"start":{"line":282,"column":19},"end":{"line":282,"column":26}},{"start":{"line":282,"column":30},"end":{"line":282,"column":32}}],"line":282},"50":{"loc":{"start":{"line":289,"column":6},"end":{"line":289,"column":50}},"type":"binary-expr","locations":[{"start":{"line":289,"column":6},"end":{"line":289,"column":18}},{"start":{"line":289,"column":23},"end":{"line":289,"column":49}}],"line":289},"51":{"loc":{"start":{"line":290,"column":6},"end":{"line":297,"column":12}},"type":"cond-expr","locations":[{"start":{"line":291,"column":10},"end":{"line":294,"column":12}},{"start":{"line":295,"column":10},"end":{"line":297,"column":12}}],"line":290},"52":{"loc":{"start":{"line":293,"column":14},"end":{"line":293,"column":77}},"type":"cond-expr","locations":[{"start":{"line":293,"column":42},"end":{"line":293,"column":61}},{"start":{"line":293,"column":64},"end":{"line":293,"column":77}}],"line":293},"53":{"loc":{"start":{"line":295,"column":10},"end":{"line":297,"column":12}},"type":"cond-expr","locations":[{"start":{"line":296,"column":10},"end":{"line":296,"column":28}},{"start":{"line":297,"column":10},"end":{"line":297,"column":12}}],"line":295},"54":{"loc":{"start":{"line":321,"column":6},"end":{"line":321,"column":49}},"type":"binary-expr","locations":[{"start":{"line":321,"column":6},"end":{"line":321,"column":18}},{"start":{"line":321,"column":22},"end":{"line":321,"column":49}}],"line":321},"55":{"loc":{"start":{"line":344,"column":6},"end":{"line":344,"column":74}},"type":"cond-expr","locations":[{"start":{"line":344,"column":21},"end":{"line":344,"column":36}},{"start":{"line":344,"column":39},"end":{"line":344,"column":74}}],"line":344},"56":{"loc":{"start":{"line":344,"column":40},"end":{"line":344,"column":53}},"type":"binary-expr","locations":[{"start":{"line":344,"column":40},"end":{"line":344,"column":41}},{"start":{"line":344,"column":45},"end":{"line":344,"column":53}}],"line":344},"57":{"loc":{"start":{"line":351,"column":15},"end":{"line":361,"column":58}},"type":"cond-expr","locations":[{"start":{"line":355,"column":12},"end":{"line":355,"column":13}},{"start":{"line":356,"column":12},"end":{"line":361,"column":58}}],"line":351},"58":{"loc":{"start":{"line":351,"column":15},"end":{"line":354,"column":57}},"type":"binary-expr","locations":[{"start":{"line":351,"column":15},"end":{"line":351,"column":22}},{"start":{"line":352,"column":10},"end":{"line":352,"column":20}},{"start":{"line":353,"column":10},"end":{"line":353,"column":27}},{"start":{"line":354,"column":11},"end":{"line":354,"column":42}},{"start":{"line":354,"column":46},"end":{"line":354,"column":56}}],"line":351},"59":{"loc":{"start":{"line":356,"column":12},"end":{"line":361,"column":58}},"type":"cond-expr","locations":[{"start":{"line":357,"column":13},"end":{"line":360,"column":13}},{"start":{"line":361,"column":12},"end":{"line":361,"column":58}}],"line":356},"60":{"loc":{"start":{"line":358,"column":14},"end":{"line":358,"column":77}},"type":"binary-expr","locations":[{"start":{"line":358,"column":14},"end":{"line":358,"column":24}},{"start":{"line":358,"column":29},"end":{"line":358,"column":76}}],"line":358},"61":{"loc":{"start":{"line":372,"column":11},"end":{"line":379,"column":10}},"type":"cond-expr","locations":[{"start":{"line":376,"column":8},"end":{"line":378,"column":13}},{"start":{"line":379,"column":8},"end":{"line":379,"column":10}}],"line":372},"62":{"loc":{"start":{"line":372,"column":11},"end":{"line":375,"column":42}},"type":"binary-expr","locations":[{"start":{"line":372,"column":11},"end":{"line":372,"column":12}},{"start":{"line":373,"column":6},"end":{"line":373,"column":20}},{"start":{"line":374,"column":6},"end":{"line":374,"column":26}},{"start":{"line":375,"column":6},"end":{"line":375,"column":42}}],"line":372},"63":{"loc":{"start":{"line":376,"column":8},"end":{"line":378,"column":13}},"type":"cond-expr","locations":[{"start":{"line":377,"column":10},"end":{"line":377,"column":37}},{"start":{"line":378,"column":10},"end":{"line":378,"column":13}}],"line":376},"64":{"loc":{"start":{"line":377,"column":24},"end":{"line":377,"column":36}},"type":"binary-expr","locations":[{"start":{"line":377,"column":24},"end":{"line":377,"column":31}},{"start":{"line":377,"column":35},"end":{"line":377,"column":36}}],"line":377},"65":{"loc":{"start":{"line":383,"column":13},"end":{"line":383,"column":71}},"type":"cond-expr","locations":[{"start":{"line":383,"column":38},"end":{"line":383,"column":56}},{"start":{"line":383,"column":59},"end":{"line":383,"column":71}}],"line":383},"66":{"loc":{"start":{"line":387,"column":11},"end":{"line":391,"column":10}},"type":"cond-expr","locations":[{"start":{"line":388,"column":8},"end":{"line":388,"column":38}},{"start":{"line":389,"column":8},"end":{"line":391,"column":10}}],"line":387},"67":{"loc":{"start":{"line":388,"column":8},"end":{"line":388,"column":38}},"type":"binary-expr","locations":[{"start":{"line":388,"column":8},"end":{"line":388,"column":32}},{"start":{"line":388,"column":36},"end":{"line":388,"column":38}}],"line":388},"68":{"loc":{"start":{"line":394,"column":11},"end":{"line":398,"column":10}},"type":"cond-expr","locations":[{"start":{"line":395,"column":8},"end":{"line":395,"column":47}},{"start":{"line":396,"column":8},"end":{"line":398,"column":10}}],"line":394},"69":{"loc":{"start":{"line":395,"column":13},"end":{"line":395,"column":43}},"type":"cond-expr","locations":[{"start":{"line":395,"column":17},"end":{"line":395,"column":27}},{"start":{"line":395,"column":30},"end":{"line":395,"column":43}}],"line":395},"70":{"loc":{"start":{"line":416,"column":15},"end":{"line":416,"column":77}},"type":"cond-expr","locations":[{"start":{"line":416,"column":62},"end":{"line":416,"column":73}},{"start":{"line":416,"column":76},"end":{"line":416,"column":77}}],"line":416},"71":{"loc":{"start":{"line":416,"column":15},"end":{"line":416,"column":59}},"type":"binary-expr","locations":[{"start":{"line":416,"column":15},"end":{"line":416,"column":24}},{"start":{"line":416,"column":28},"end":{"line":416,"column":36}},{"start":{"line":416,"column":40},"end":{"line":416,"column":59}}],"line":416},"72":{"loc":{"start":{"line":440,"column":2},"end":{"line":442,"column":50}},"type":"binary-expr","locations":[{"start":{"line":440,"column":2},"end":{"line":440,"column":27}},{"start":{"line":441,"column":4},"end":{"line":441,"column":18}},{"start":{"line":442,"column":5},"end":{"line":442,"column":49}}],"line":440},"73":{"loc":{"start":{"line":448,"column":2},"end":{"line":450,"column":3}},"type":"if","locations":[{"start":{"line":448,"column":2},"end":{"line":450,"column":3}},{"start":{"line":448,"column":2},"end":{"line":450,"column":3}}],"line":448},"74":{"loc":{"start":{"line":476,"column":6},"end":{"line":480,"column":7}},"type":"if","locations":[{"start":{"line":476,"column":6},"end":{"line":480,"column":7}},{"start":{"line":476,"column":6},"end":{"line":480,"column":7}}],"line":476},"75":{"loc":{"start":{"line":490,"column":0},"end":{"line":496,"column":1}},"type":"if","locations":[{"start":{"line":490,"column":0},"end":{"line":496,"column":1}},{"start":{"line":490,"column":0},"end":{"line":496,"column":1}}],"line":490}},"s":{"0":4,"1":664,"2":4,"3":6,"4":4,"5":4,"6":38,"7":38,"8":38,"9":38,"10":38,"11":38,"12":0,"13":0,"14":38,"15":38,"16":19,"17":19,"18":76,"19":76,"20":76,"21":0,"22":0,"23":0,"24":0,"25":0,"26":38,"27":38,"28":0,"29":0,"30":0,"31":0,"32":0,"33":0,"34":0,"35":0,"36":0,"37":0,"38":0,"39":0,"40":0,"41":0,"42":0,"43":0,"44":0,"45":0,"46":130,"47":13,"48":13,"49":13,"50":0,"51":0,"52":0,"53":44,"54":0,"55":44,"56":44,"57":0,"58":0,"59":0,"60":38,"61":0,"62":0,"63":0,"64":0,"65":6,"66":38,"67":38,"68":6,"69":38,"70":0,"71":76,"72":0,"73":0,"74":0,"75":0,"76":0,"77":0,"78":0,"79":0,"80":0,"81":0,"82":4,"83":4,"84":4,"85":0,"86":0,"87":0,"88":3,"89":4,"90":4,"91":0,"92":0,"93":0,"94":0,"95":0,"96":0,"97":0,"98":0,"99":0,"100":0,"101":0,"102":5,"103":5,"104":0,"105":0,"106":0,"107":0,"108":48,"109":0,"110":0,"111":0,"112":0,"113":0,"114":0,"115":385,"116":15,"117":15,"118":0,"119":0,"120":0,"121":0,"122":0,"123":0,"124":0,"125":0,"126":0,"127":0,"128":0,"129":76,"130":76,"131":0,"132":0,"133":0,"134":0,"135":0,"136":0,"137":0,"138":5,"139":1,"140":4,"141":38,"142":38,"143":4,"144":5,"145":5,"146":2,"147":2,"148":3,"149":4,"150":3,"151":6,"152":2,"153":4,"154":4,"155":4,"156":4,"157":4},"f":{"0":664,"1":4,"2":4,"3":38,"4":38,"5":38,"6":38,"7":0,"8":0,"9":38,"10":38,"11":19,"12":19,"13":76,"14":76,"15":0,"16":0,"17":0,"18":0,"19":0,"20":38,"21":38,"22":0,"23":0,"24":0,"25":0,"26":0,"27":0,"28":0,"29":0,"30":0,"31":0,"32":0,"33":130,"34":13,"35":13,"36":13,"37":0,"38":0,"39":44,"40":0,"41":44,"42":0,"43":0,"44":0,"45":38,"46":0,"47":0,"48":0,"49":6,"50":38,"51":38,"52":6,"53":38,"54":0,"55":76,"56":0,"57":0,"58":0,"59":0,"60":0,"61":4,"62":0,"63":0,"64":0,"65":3,"66":4,"67":0,"68":0,"69":0,"70":0,"71":0,"72":0,"73":0,"74":0,"75":0,"76":0,"77":5,"78":5,"79":0,"80":0,"81":0,"82":48,"83":0,"84":0,"85":0,"86":0,"87":0,"88":385,"89":15,"90":15,"91":0,"92":0,"93":0,"94":0,"95":0,"96":0,"97":76,"98":76,"99":0,"100":0,"101":0,"102":0,"103":0,"104":5,"105":38,"106":5,"107":5,"108":2,"109":3,"110":3,"111":6},"b":{"0":[332,332],"1":[0,332],"2":[332,332,50],"3":[48,284],"4":[38,0],"5":[0,0],"6":[38,38],"7":[0,38],"8":[38,0],"9":[0,38],"10":[15,4],"11":[0,19],"12":[76,0],"13":[76,0],"14":[0,76],"15":[76,0],"16":[76,0],"17":[0,0],"18":[0,0],"19":[0,0],"20":[0,0],"21":[0,0],"22":[0,0],"23":[0,0],"24":[0,0],"25":[0,44],"26":[0,44],"27":[44,0,0],"28":[44,38],"29":[0,0],"30":[0,0],"31":[0,38],"32":[0,38],"33":[38,0],"34":[0,0],"35":[0,38],"36":[0,0],"37":[38,38],"38":[0,0],"39":[76,0],"40":[0,0],"41":[0,0],"42":[0,0],"43":[0,0],"44":[0,0,0,0],"45":[4,0],"46":[0,0],"47":[3,1],"48":[4,4],"49":[4,4],"50":[0,0],"51":[0,0],"52":[0,0],"53":[0,0],"54":[0,0],"55":[0,48],"56":[48,48],"57":[0,0],"58":[0,0,0,0,0],"59":[0,0],"60":[0,0],"61":[381,4],"62":[385,385,381,381],"63":[343,38],"64":[343,343],"65":[0,15],"66":[0,0],"67":[0,0],"68":[0,0],"69":[0,0],"70":[76,0],"71":[76,76,76],"72":[4,4,4],"73":[1,4],"74":[2,4],"75":[4,0]},"_coverageSchema":"332fd63041d2c1bcb487cc26dd0d5f7d97098a6c","hash":"4769a9935815a1bee9f7ae99b9d40bea30761ec3"}
}
