TN:
SF:/home/user78/Desktop/test-js-example/scripts/main.js
FN:3,(anonymous_0)
FN:19,(anonymous_1)
FN:20,(anonymous_2)
FN:24,(anonymous_3)
FN:31,(anonymous_4)
FN:34,(anonymous_5)
FN:38,(anonymous_6)
FN:47,(anonymous_7)
FN:48,(anonymous_8)
FN:52,(anonymous_9)
FN:53,(anonymous_10)
FN:57,(anonymous_11)
FN:64,(anonymous_12)
FN:68,(anonymous_13)
FN:70,(anonymous_14)
FN:83,(anonymous_15)
FN:89,(anonymous_16)
FN:92,(anonymous_17)
FN:98,(anonymous_18)
FN:99,(anonymous_19)
FN:103,(anonymous_20)
FN:104,(anonymous_21)
FN:108,(anonymous_22)
FN:109,(anonymous_23)
FN:113,(anonymous_24)
FN:121,(anonymous_25)
FN:125,(anonymous_26)
FN:128,(anonymous_27)
FN:132,(anonymous_28)
FN:135,(anonymous_29)
FN:138,(anonymous_30)
FN:139,(anonymous_31)
FN:145,(anonymous_32)
FN:148,(anonymous_33)
FN:151,(anonymous_34)
FN:152,(anonymous_35)
FN:153,(anonymous_36)
FN:158,(anonymous_37)
FN:159,(anonymous_38)
FN:163,(anonymous_39)
FN:166,(anonymous_40)
FN:171,(anonymous_41)
FN:180,(anonymous_42)
FN:181,(anonymous_43)
FN:185,(anonymous_44)
FN:188,(anonymous_45)
FN:201,(anonymous_46)
FN:202,(anonymous_47)
FN:204,(anonymous_48)
FN:211,(anonymous_49)
FN:214,(anonymous_50)
FN:217,(anonymous_51)
FN:221,(anonymous_52)
FN:224,(anonymous_53)
FN:227,(anonymous_54)
FN:230,(anonymous_55)
FN:233,(anonymous_56)
FN:234,(anonymous_57)
FN:238,(anonymous_58)
FN:244,(anonymous_59)
FN:245,(anonymous_60)
FN:252,(anonymous_61)
FN:253,i
FN:266,(anonymous_63)
FN:270,(anonymous_64)
FN:276,r
FN:279,(anonymous_66)
FN:286,(anonymous_67)
FN:291,(anonymous_68)
FN:300,(anonymous_69)
FN:303,(anonymous_70)
FN:309,(anonymous_71)
FN:310,(anonymous_72)
FN:314,(anonymous_73)
FN:315,(anonymous_74)
FN:319,(anonymous_75)
FN:320,(anonymous_76)
FN:324,(anonymous_77)
FN:325,(anonymous_78)
FN:329,(anonymous_79)
FN:332,(anonymous_80)
FN:338,(anonymous_81)
FN:341,(anonymous_82)
FN:347,(anonymous_83)
FN:350,(anonymous_84)
FN:357,(anonymous_85)
FN:365,(anonymous_86)
FN:368,(anonymous_87)
FN:371,(anonymous_88)
FN:381,(anonymous_89)
FN:382,(anonymous_90)
FN:386,(anonymous_91)
FN:389,(anonymous_92)
FN:393,(anonymous_93)
FN:396,(anonymous_94)
FN:400,(anonymous_95)
FN:402,(anonymous_96)
FN:413,(anonymous_97)
FN:415,(anonymous_98)
FN:420,(anonymous_99)
FN:429,(anonymous_100)
FN:430,(anonymous_101)
FN:431,(anonymous_102)
FN:432,(anonymous_103)
FN:447,setItems
FN:452,(anonymous_105)
FN:463,(anonymous_106)
FN:465,(anonymous_107)
FN:466,(anonymous_108)
FN:471,(anonymous_109)
FN:473,(anonymous_110)
FN:475,(anonymous_111)
FNF:112
FNH:47
FNDA:664,(anonymous_0)
FNDA:4,(anonymous_1)
FNDA:4,(anonymous_2)
FNDA:38,(anonymous_3)
FNDA:38,(anonymous_4)
FNDA:38,(anonymous_5)
FNDA:38,(anonymous_6)
FNDA:0,(anonymous_7)
FNDA:0,(anonymous_8)
FNDA:38,(anonymous_9)
FNDA:38,(anonymous_10)
FNDA:19,(anonymous_11)
FNDA:19,(anonymous_12)
FNDA:76,(anonymous_13)
FNDA:76,(anonymous_14)
FNDA:0,(anonymous_15)
FNDA:0,(anonymous_16)
FNDA:0,(anonymous_17)
FNDA:0,(anonymous_18)
FNDA:0,(anonymous_19)
FNDA:38,(anonymous_20)
FNDA:38,(anonymous_21)
FNDA:0,(anonymous_22)
FNDA:0,(anonymous_23)
FNDA:0,(anonymous_24)
FNDA:0,(anonymous_25)
FNDA:0,(anonymous_26)
FNDA:0,(anonymous_27)
FNDA:0,(anonymous_28)
FNDA:0,(anonymous_29)
FNDA:0,(anonymous_30)
FNDA:0,(anonymous_31)
FNDA:0,(anonymous_32)
FNDA:130,(anonymous_33)
FNDA:13,(anonymous_34)
FNDA:13,(anonymous_35)
FNDA:13,(anonymous_36)
FNDA:0,(anonymous_37)
FNDA:0,(anonymous_38)
FNDA:44,(anonymous_39)
FNDA:0,(anonymous_40)
FNDA:44,(anonymous_41)
FNDA:0,(anonymous_42)
FNDA:0,(anonymous_43)
FNDA:0,(anonymous_44)
FNDA:38,(anonymous_45)
FNDA:0,(anonymous_46)
FNDA:0,(anonymous_47)
FNDA:0,(anonymous_48)
FNDA:6,(anonymous_49)
FNDA:38,(anonymous_50)
FNDA:38,(anonymous_51)
FNDA:6,(anonymous_52)
FNDA:38,(anonymous_53)
FNDA:0,(anonymous_54)
FNDA:76,(anonymous_55)
FNDA:0,(anonymous_56)
FNDA:0,(anonymous_57)
FNDA:0,(anonymous_58)
FNDA:0,(anonymous_59)
FNDA:0,(anonymous_60)
FNDA:4,(anonymous_61)
FNDA:0,i
FNDA:0,(anonymous_63)
FNDA:0,(anonymous_64)
FNDA:3,r
FNDA:4,(anonymous_66)
FNDA:0,(anonymous_67)
FNDA:0,(anonymous_68)
FNDA:0,(anonymous_69)
FNDA:0,(anonymous_70)
FNDA:0,(anonymous_71)
FNDA:0,(anonymous_72)
FNDA:0,(anonymous_73)
FNDA:0,(anonymous_74)
FNDA:0,(anonymous_75)
FNDA:0,(anonymous_76)
FNDA:5,(anonymous_77)
FNDA:5,(anonymous_78)
FNDA:0,(anonymous_79)
FNDA:0,(anonymous_80)
FNDA:0,(anonymous_81)
FNDA:48,(anonymous_82)
FNDA:0,(anonymous_83)
FNDA:0,(anonymous_84)
FNDA:0,(anonymous_85)
FNDA:0,(anonymous_86)
FNDA:0,(anonymous_87)
FNDA:385,(anonymous_88)
FNDA:15,(anonymous_89)
FNDA:15,(anonymous_90)
FNDA:0,(anonymous_91)
FNDA:0,(anonymous_92)
FNDA:0,(anonymous_93)
FNDA:0,(anonymous_94)
FNDA:0,(anonymous_95)
FNDA:0,(anonymous_96)
FNDA:76,(anonymous_97)
FNDA:76,(anonymous_98)
FNDA:0,(anonymous_99)
FNDA:0,(anonymous_100)
FNDA:0,(anonymous_101)
FNDA:0,(anonymous_102)
FNDA:0,(anonymous_103)
FNDA:5,setItems
FNDA:38,(anonymous_105)
FNDA:5,(anonymous_106)
FNDA:5,(anonymous_107)
FNDA:2,(anonymous_108)
FNDA:3,(anonymous_109)
FNDA:3,(anonymous_110)
FNDA:6,(anonymous_111)
DA:3,4
DA:4,664
DA:13,4
DA:15,6
DA:20,4
DA:21,4
DA:25,38
DA:32,38
DA:33,38
DA:35,38
DA:36,38
DA:39,38
DA:48,0
DA:49,0
DA:53,38
DA:54,38
DA:58,19
DA:65,19
DA:69,76
DA:70,76
DA:72,76
DA:84,0
DA:90,0
DA:93,0
DA:99,0
DA:100,0
DA:104,38
DA:105,38
DA:109,0
DA:110,0
DA:111,0
DA:112,0
DA:114,0
DA:115,0
DA:122,0
DA:126,0
DA:127,0
DA:128,0
DA:129,0
DA:133,0
DA:136,0
DA:139,0
DA:140,0
DA:141,0
DA:146,0
DA:149,130
DA:152,13
DA:153,13
DA:154,13
DA:159,0
DA:160,0
DA:165,44
DA:167,0
DA:172,44
DA:178,44
DA:181,0
DA:182,0
DA:186,0
DA:189,38
DA:202,0
DA:203,0
DA:205,0
DA:209,0
DA:212,6
DA:215,38
DA:218,38
DA:222,6
DA:225,38
DA:228,0
DA:231,76
DA:234,0
DA:235,0
DA:239,0
DA:240,0
DA:241,0
DA:242,0
DA:245,0
DA:246,0
DA:254,0
DA:255,0
DA:261,4
DA:262,4
DA:263,4
DA:267,0
DA:268,0
DA:272,0
DA:277,3
DA:279,4
DA:280,4
DA:288,0
DA:292,0
DA:293,0
DA:301,0
DA:304,0
DA:310,0
DA:311,0
DA:315,0
DA:316,0
DA:320,0
DA:321,0
DA:325,5
DA:326,5
DA:330,0
DA:331,0
DA:333,0
DA:339,0
DA:342,48
DA:348,0
DA:349,0
DA:351,0
DA:358,0
DA:366,0
DA:369,0
DA:372,385
DA:382,15
DA:383,15
DA:387,0
DA:390,0
DA:394,0
DA:397,0
DA:401,0
DA:402,0
DA:404,0
DA:405,0
DA:406,0
DA:408,0
DA:410,0
DA:414,76
DA:416,76
DA:421,0
DA:430,0
DA:431,0
DA:432,0
DA:433,0
DA:434,0
DA:448,5
DA:449,1
DA:452,4
DA:453,38
DA:459,38
DA:463,4
DA:464,5
DA:465,5
DA:467,2
DA:469,2
DA:471,3
DA:473,4
DA:475,3
DA:476,6
DA:477,2
DA:479,4
DA:485,4
DA:487,4
DA:490,4
DA:491,4
LF:155
LH:69
BRDA:4,0,0,332
BRDA:4,0,1,332
BRDA:5,1,0,0
BRDA:5,1,1,332
BRDA:7,2,0,332
BRDA:7,2,1,332
BRDA:7,2,2,50
BRDA:7,3,0,48
BRDA:7,3,1,284
BRDA:26,4,0,38
BRDA:26,4,1,0
BRDA:28,5,0,0
BRDA:28,5,1,0
BRDA:33,6,0,38
BRDA:33,6,1,38
BRDA:35,7,0,0
BRDA:35,7,1,38
BRDA:36,8,0,38
BRDA:36,8,1,0
BRDA:39,9,0,0
BRDA:39,9,1,38
BRDA:59,10,0,15
BRDA:59,10,1,4
BRDA:59,11,0,0
BRDA:59,11,1,19
BRDA:73,12,0,76
BRDA:73,12,1,0
BRDA:74,13,0,76
BRDA:74,13,1,0
BRDA:75,14,0,0
BRDA:75,14,1,76
BRDA:75,15,0,76
BRDA:75,15,1,0
BRDA:79,16,0,76
BRDA:79,16,1,0
BRDA:85,17,0,0
BRDA:85,17,1,0
BRDA:93,18,0,0
BRDA:93,18,1,0
BRDA:115,19,0,0
BRDA:115,19,1,0
BRDA:126,20,0,0
BRDA:126,20,1,0
BRDA:133,21,0,0
BRDA:133,21,1,0
BRDA:136,22,0,0
BRDA:136,22,1,0
BRDA:142,23,0,0
BRDA:142,23,1,0
BRDA:141,24,0,0
BRDA:141,24,1,0
BRDA:165,25,0,0
BRDA:165,25,1,44
BRDA:169,26,0,0
BRDA:169,26,1,44
BRDA:174,27,0,44
BRDA:174,27,1,0
BRDA:174,27,2,0
BRDA:175,28,0,44
BRDA:175,28,1,38
BRDA:182,29,0,0
BRDA:182,29,1,0
BRDA:186,30,0,0
BRDA:186,30,1,0
BRDA:189,31,0,0
BRDA:189,31,1,38
BRDA:191,32,0,0
BRDA:191,32,1,38
BRDA:197,33,0,38
BRDA:197,33,1,0
BRDA:203,34,0,0
BRDA:203,34,1,0
BRDA:215,35,0,0
BRDA:215,35,1,38
BRDA:216,36,0,0
BRDA:216,36,1,0
BRDA:225,37,0,38
BRDA:225,37,1,38
BRDA:228,38,0,0
BRDA:228,38,1,0
BRDA:231,39,0,76
BRDA:231,39,1,0
BRDA:235,40,0,0
BRDA:235,40,1,0
BRDA:239,41,0,0
BRDA:239,41,1,0
BRDA:243,42,0,0
BRDA:243,42,1,0
BRDA:245,43,0,0
BRDA:245,43,1,0
BRDA:246,44,0,0
BRDA:246,44,1,0
BRDA:246,44,2,0
BRDA:246,44,3,0
BRDA:263,45,0,4
BRDA:263,45,1,0
BRDA:272,46,0,0
BRDA:272,46,1,0
BRDA:277,47,0,3
BRDA:277,47,1,1
BRDA:281,48,0,4
BRDA:281,48,1,4
BRDA:282,49,0,4
BRDA:282,49,1,4
BRDA:289,50,0,0
BRDA:289,50,1,0
BRDA:290,51,0,0
BRDA:290,51,1,0
BRDA:293,52,0,0
BRDA:293,52,1,0
BRDA:295,53,0,0
BRDA:295,53,1,0
BRDA:321,54,0,0
BRDA:321,54,1,0
BRDA:344,55,0,0
BRDA:344,55,1,48
BRDA:344,56,0,48
BRDA:344,56,1,48
BRDA:351,57,0,0
BRDA:351,57,1,0
BRDA:351,58,0,0
BRDA:351,58,1,0
BRDA:351,58,2,0
BRDA:351,58,3,0
BRDA:351,58,4,0
BRDA:356,59,0,0
BRDA:356,59,1,0
BRDA:358,60,0,0
BRDA:358,60,1,0
BRDA:372,61,0,381
BRDA:372,61,1,4
BRDA:372,62,0,385
BRDA:372,62,1,385
BRDA:372,62,2,381
BRDA:372,62,3,381
BRDA:376,63,0,343
BRDA:376,63,1,38
BRDA:377,64,0,343
BRDA:377,64,1,343
BRDA:383,65,0,0
BRDA:383,65,1,15
BRDA:387,66,0,0
BRDA:387,66,1,0
BRDA:388,67,0,0
BRDA:388,67,1,0
BRDA:394,68,0,0
BRDA:394,68,1,0
BRDA:395,69,0,0
BRDA:395,69,1,0
BRDA:416,70,0,76
BRDA:416,70,1,0
BRDA:416,71,0,76
BRDA:416,71,1,76
BRDA:416,71,2,76
BRDA:440,72,0,4
BRDA:440,72,1,4
BRDA:440,72,2,4
BRDA:448,73,0,1
BRDA:448,73,1,4
BRDA:476,74,0,2
BRDA:476,74,1,4
BRDA:490,75,0,4
BRDA:490,75,1,0
BRF:163
BRH:67
end_of_record
